[20:08:28] [ServerMain/INFO]: Environment: authHost='https://authserver.mojang.com', accountsHost='https://api.mojang.com', sessionHost='https://sessionserver.mojang.com', servicesHost='https://api.minecraftservices.com', name='PROD'
[20:08:31] [ServerMain/INFO]: Loaded 7 recipes
[20:08:32] [Server thread/INFO]: Starting minecraft server version 1.20.1
[20:08:32] [Server thread/INFO]: Loading properties
[20:08:32] [Server thread/INFO]: This server is running Paper version git-Paper-196 (MC: 1.20.1) (Implementing API version 1.20.1-R0.1-SNAPSHOT) (Git: 773dd72)
[20:08:33] [Server thread/INFO]: Server Ping Player Sample Count: 12
[20:08:33] [Server thread/INFO]: Using 4 threads for Netty based IO
[20:08:34] [Server thread/WARN]: [!] The timings profiler has been enabled but has been scheduled for removal from Paper in the future.
    We recommend installing the spark profiler as a replacement: https://spark.lucko.me/
    For more information please visit: https://github.com/PaperMC/Paper/issues/8948
[20:08:34] [Server thread/INFO]: [ChunkTaskScheduler] Chunk system is using 1 I/O threads, 1 worker threads, and gen parallelism of 1 threads
[20:08:34] [Server thread/INFO]: Default game type: SURVIVAL
[20:08:34] [Server thread/INFO]: Generating keypair
[20:08:35] [Server thread/INFO]: Starting Minecraft server on *:25565
[20:08:35] [Server thread/INFO]: Using epoll channel type
[20:08:35] [Server thread/INFO]: Paper: Using libdeflate (Linux x86_64) compression from Velocity.
[20:08:35] [Server thread/INFO]: Paper: Using OpenSSL 1.1.x (Linux x86_64) cipher from Velocity.
[20:08:36] [Server thread/INFO]: [ViaVersion] Loading server plugin ViaVersion v5.3.2
[20:08:36] [Server thread/INFO]: [ViaVersion] ViaVersion 5.3.2 is now loaded. Registering protocol transformers and injecting...
[20:08:37] [Via-Mappingloader-0/INFO]: [ViaVersion] Loading block connection mappings ...
[20:08:37] [Via-Mappingloader-0/INFO]: [ViaVersion] Using FastUtil Long2ObjectOpenHashMap for block connections
[20:08:37] [Server thread/INFO]: [ViaBackwards] Loading translations...
[20:08:37] [Server thread/INFO]: [ViaBackwards] Registering protocols...
[20:08:38] [Server thread/INFO]: [ViaRewind] Registering protocols...
[20:08:38] [Server thread/INFO]: [floodgate] Loading server plugin floodgate v2.2.4-SNAPSHOT (b116-0e3163c)
[20:08:39] [Server thread/WARN]: [floodgate] en_ is not a supported Floodgate language.
[20:08:39] [Server thread/INFO]: [floodgate] Took 640ms to boot Floodgate
[20:08:39] [Server thread/INFO]: [ViaBackwards] Loading server plugin ViaBackwards v5.3.2
[20:08:39] [Server thread/INFO]: [LoginSecurity] Loading server plugin LoginSecurity v3.3.0
[20:08:39] [Server thread/INFO]: [Geyser-Spigot] Loading server plugin Geyser-Spigot v2.7.1-SNAPSHOT
[20:08:40] [Server thread/INFO]: [Geyser-Spigot] Loading extensions...
[20:08:40] [Server thread/INFO]: [Geyser-Spigot] Loaded 0 extension(s)
[20:08:40] [Server thread/INFO]: [ViaRewind] Loading server plugin ViaRewind v4.0.7
[20:08:40] [Server thread/INFO]: Server permissions file permissions.yml is empty, ignoring it
[20:08:40] [Server thread/INFO]: [ViaRewind] Enabling ViaRewind v4.0.7
[20:08:40] [Server thread/WARN]: **** SERVER IS RUNNING IN OFFLINE/INSECURE MODE!
[20:08:40] [Server thread/WARN]: The server will make no attempt to authenticate usernames. Beware.
[20:08:40] [Server thread/WARN]: While this makes the game possible to play without internet access, it also opens up the ability for hackers to connect with any username they choose.
[20:08:40] [Server thread/WARN]: To change this, set "online-mode" to "true" in the server.properties file.
[20:08:40] [Server thread/INFO]: Preparing level "world"
[20:08:41] [Server thread/INFO]: Preparing start region for dimension minecraft:overworld
[20:08:41] [Server thread/INFO]: Time elapsed: 464 ms
[20:08:41] [Server thread/INFO]: Preparing start region for dimension minecraft:the_nether
[20:08:42] [Server thread/INFO]: Time elapsed: 273 ms
[20:08:42] [Server thread/INFO]: Preparing start region for dimension minecraft:the_end
[20:08:42] [Server thread/INFO]: Time elapsed: 139 ms
[20:08:42] [Server thread/INFO]: [ViaVersion] Enabling ViaVersion v5.3.2
[20:08:43] [Server thread/INFO]: [ViaVersion] ViaVersion detected server version: 1.20-1.20.1 (763)
[20:08:43] [Server thread/WARN]: [ViaVersion] Please update your Java runtime to at least Java 21 (your version is 17.0.15).
[20:08:43] [Server thread/WARN]: [ViaVersion] At some point in the future, ViaVersion will no longer be compatible with this version of Java.
[20:08:43] [Server thread/INFO]: [floodgate] Enabling floodgate v2.2.4-SNAPSHOT (b116-0e3163c)
[20:08:44] [Server thread/INFO]: [ViaBackwards] Enabling ViaBackwards v5.3.2
[20:08:44] [Server thread/INFO]: [LoginSecurity] Enabling LoginSecurity v3.3.0
[20:08:44] [Server thread/INFO]: [LoginSecurity] Loading base translations from "en_us"
[20:08:44] [Server thread/INFO]: [LoginSecurity] Loading specified translations from "en_us"
[20:08:44] [Server thread/INFO]: [LoginSecurity] Applying database upgrade 1: Initial
[20:08:44] [Server thread/INFO]: [LoginSecurity] Applying database upgrade 2: Add uuid mode
[20:08:44] [Server thread/INFO]: [LoginSecurity] Applying database upgrade 3: Fix inventories
[20:08:44] [Server thread/INFO]: [LoginSecurity] Applying database upgrade 4: Add name index
[20:08:44] [Server thread/INFO]: [LoginSecurity] Registering commands...
[20:08:44] [Server thread/INFO]: [LoginSecurity] Registering listeners...
[20:08:44] [Server thread/INFO]: [LoginSecurity] Using 1.12+ map captcha renderer
[20:08:44] [Server thread/INFO]: [Geyser-Spigot] Enabling Geyser-Spigot v2.7.1-SNAPSHOT
[20:08:45] [Server thread/INFO]: [Geyser-Spigot] ******************************************
[20:08:45] [Server thread/INFO]: [Geyser-Spigot] 
[20:08:45] [Server thread/INFO]: [Geyser-Spigot] Loading Geyser version 2.7.1-b830 (git-master-472ed8c)
[20:08:45] [Server thread/INFO]: [Geyser-Spigot] 
[20:08:45] [Server thread/INFO]: [Geyser-Spigot] ******************************************
[20:08:56] [epollEventLoopGroup-3-1/INFO]: [Geyser-Spigot] Started Geyser on UDP port 1189
[20:08:56] [Server thread/INFO]: [Geyser-Spigot] Done (10.604s)! Run /geyser help for help!
[20:08:56] [Server thread/INFO]: Running delayed init tasks
[20:08:56] [Craft Scheduler Thread - 2 - ViaVersion/INFO]: [ViaVersion] Finished mapping loading, shutting down loader executor.
[20:08:56] [Server thread/INFO]: Done (24.107s)! For help, type "help"
[20:08:56] [Server thread/INFO]: Timings Reset
[20:09:03] [User Authenticator #0/INFO]: UUID of player elguatavo7u7159 is 75b572fc-aa06-364a-9011-97912a77ff25
[20:09:04] [Server thread/INFO]: elguatavo7u7159 joined the game
[20:09:04] [Server thread/INFO]: elguatavo7u7159[/127.163.149.174:46009] logged in with entity id 310 at ([world]2.0282471184877076, 68.0, 12.716363858564028)
[20:09:17] [Server thread/INFO]: elguatavo7u7159 issued server command: /gamemode creative
[20:09:17] [Server thread/INFO]: [elguatavo7u7159: Set own game mode to Creative Mode]
[20:09:25] [Server thread/INFO]: elguatavo7u7159 issued server command: /time set day
[20:09:25] [Server thread/INFO]: [elguatavo7u7159: Set the time to 1000]
[20:10:09] [Server thread/INFO]: elguatavo7u7159 lost connection: Disconnected
[20:10:09] [Server thread/INFO]: elguatavo7u7159 left the game
[20:10:11] [User Authenticator #1/INFO]: UUID of player elguatavo7u7159 is 75b572fc-aa06-364a-9011-97912a77ff25
[20:10:11] [Server thread/INFO]: elguatavo7u7159 joined the game
[20:10:11] [Server thread/INFO]: elguatavo7u7159[/127.163.149.174:32797] logged in with entity id 498 at ([world]26.993734724664527, 71.0, 18.88984217588478)
[20:10:29] [Server thread/INFO]: elguatavo7u7159 lost connection: Disconnected
[20:10:29] [Server thread/INFO]: elguatavo7u7159 left the game
[20:10:32] [User Authenticator #1/INFO]: UUID of player elguatavo7u7159 is 75b572fc-aa06-364a-9011-97912a77ff25
[20:10:32] [Server thread/INFO]: elguatavo7u7159 joined the game
[20:10:32] [Server thread/INFO]: elguatavo7u7159[/127.163.149.174:57399] logged in with entity id 539 at ([world]7.447743251402152, 70.0, 17.70578406388225)
[20:10:43] [Server thread/INFO]: elguatavo7u7159 lost connection: Disconnected
[20:10:43] [Server thread/INFO]: elguatavo7u7159 left the game
[20:10:49] [User Authenticator #1/INFO]: UUID of player elguatavo7u7159 is 75b572fc-aa06-364a-9011-97912a77ff25
[20:10:49] [Server thread/INFO]: elguatavo7u7159 joined the game
[20:10:49] [Server thread/INFO]: elguatavo7u7159[/127.163.149.174:32945] logged in with entity id 570 at ([world]37.26262201277534, 71.0, 26.44243440842059)
[20:10:57] [Server thread/INFO]: elguatavo7u7159 lost connection: Disconnected
[20:10:57] [Server thread/INFO]: elguatavo7u7159 left the game
[20:12:04] [User Authenticator #2/INFO]: UUID of player elguatavo7u7159 is 75b572fc-aa06-364a-9011-97912a77ff25
[20:12:04] [Server thread/INFO]: elguatavo7u7159 joined the game
[20:12:04] [Server thread/INFO]: elguatavo7u7159[/127.163.149.174:59515] logged in with entity id 638 at ([world]14.513886848809047, 69.0, -39.72379073802272)
[20:12:23] [Server thread/INFO]: elguatavo7u7159 issued server command: /fill 14 69 -39 14 69 -39 minecraft:diamond_block
[20:12:26] [Server thread/INFO]: elguatavo7u7159 issued server command: /fill 14 69 -39 14 69 -39 minecraft:diamond_block
[20:12:29] [Server thread/INFO]: elguatavo7u7159 issued server command: /fill 14 69 -39 14 69 -39 minecraft:diamond_block
[20:12:35] [Server thread/INFO]: elguatavo7u7159 issued server command: /kill
[20:13:11] [Server thread/INFO]: elguatavo7u7159 issued server command: /gamemode survival
[20:13:11] [Server thread/INFO]: [elguatavo7u7159: Set own game mode to Survival Mode]
[20:13:13] [Server thread/INFO]: elguatavo7u7159 lost connection: Disconnected
[20:13:13] [Server thread/INFO]: elguatavo7u7159 left the game
[20:15:16] [User Authenticator #3/INFO]: UUID of player elguatavo7u7159 is 75b572fc-aa06-364a-9011-97912a77ff25
[20:15:16] [Server thread/INFO]: elguatavo7u7159 joined the game
[20:15:16] [Server thread/INFO]: elguatavo7u7159[/127.163.149.174:35615] logged in with entity id 956 at ([world]10.189179419194232, 75.84703504132759, -28.30000001192093)
[20:15:38] [Server thread/INFO]: elguatavo7u7159 lost connection: Disconnected
[20:15:38] [Server thread/INFO]: elguatavo7u7159 left the game
[20:15:49] [Server thread/INFO]: Stopping the server
[20:15:49] [Server thread/INFO]: Stopping server
[20:15:49] [Server thread/INFO]: [ViaRewind] Disabling ViaRewind v4.0.7
[20:15:49] [Server thread/INFO]: [Geyser-Spigot] Disabling Geyser-Spigot v2.7.1-SNAPSHOT
[20:15:49] [Server thread/INFO]: [Geyser-Spigot] Shutting down Geyser.
[20:15:49] [Server thread/INFO]: [Geyser-Spigot] Geyser shutdown successfully.
[20:15:49] [Server thread/INFO]: [LoginSecurity] Disabling LoginSecurity v3.3.0
[20:15:49] [Server thread/INFO]: [LoginSecurity] Waiting for queued tasks...
[20:15:49] [Server thread/INFO]: [LoginSecurity] ExecutorService shut down, ready to disable.
[20:15:49] [Server thread/INFO]: [ViaBackwards] Disabling ViaBackwards v5.3.2
[20:15:49] [Server thread/INFO]: [floodgate] Disabling floodgate v2.2.4-SNAPSHOT (b116-0e3163c)
[20:15:49] [Server thread/INFO]: [ViaVersion] Disabling ViaVersion v5.3.2
[20:15:49] [Server thread/INFO]: [ViaVersion] ViaVersion has been disabled; uninjected the platform and shut down the scheduler.
[20:15:49] [Server thread/INFO]: Saving players
[20:15:49] [WebSocketConnectReadThread-69/INFO]: [Geyser-Spigot] The skin uploader has been closed
[20:15:49] [Server thread/INFO]: Saving worlds
[20:15:49] [Server thread/INFO]: Saving chunks for level 'ServerLevel[world]'/minecraft:overworld
[20:15:49] [Server thread/INFO]: [ChunkHolderManager] Waiting 60s for chunk system to halt for world 'world'
[20:15:49] [Server thread/INFO]: [ChunkHolderManager] Halted chunk system for world 'world'
[20:15:49] [Server thread/INFO]: [ChunkHolderManager] Saving all chunkholders for world 'world'
[20:15:50] [Server thread/INFO]: [ChunkHolderManager] Saved 72 block chunks, 251 entity chunks, 0 poi chunks in world 'world' in 0.23s
[20:15:50] [Server thread/INFO]: ThreadedAnvilChunkStorage (world): All chunks are saved
[20:15:50] [Server thread/INFO]: Saving chunks for level 'ServerLevel[world_nether]'/minecraft:the_nether
[20:15:50] [Server thread/INFO]: [ChunkHolderManager] Waiting 60s for chunk system to halt for world 'world_nether'
[20:15:50] [Server thread/INFO]: [ChunkHolderManager] Halted chunk system for world 'world_nether'
[20:15:50] [Server thread/INFO]: [ChunkHolderManager] Saving all chunkholders for world 'world_nether'
[20:15:50] [Server thread/INFO]: [ChunkHolderManager] Saved 0 block chunks, 36 entity chunks, 0 poi chunks in world 'world_nether' in 0.02s
[20:15:50] [Server thread/INFO]: ThreadedAnvilChunkStorage (DIM-1): All chunks are saved
[20:15:50] [Server thread/INFO]: Saving chunks for level 'ServerLevel[world_the_end]'/minecraft:the_end
[20:15:50] [Server thread/INFO]: [ChunkHolderManager] Waiting 60s for chunk system to halt for world 'world_the_end'
[20:15:50] [Server thread/INFO]: [ChunkHolderManager] Halted chunk system for world 'world_the_end'
[20:15:50] [Server thread/INFO]: [ChunkHolderManager] Saving all chunkholders for world 'world_the_end'
[20:15:50] [Server thread/INFO]: [ChunkHolderManager] Saved 10 block chunks, 10 entity chunks, 0 poi chunks in world 'world_the_end' in 0.02s
[20:15:50] [Server thread/INFO]: ThreadedAnvilChunkStorage (DIM1): All chunks are saved
[20:15:50] [Server thread/INFO]: ThreadedAnvilChunkStorage: All dimensions are saved
[20:15:50] [Server thread/INFO]: Flushing Chunk IO
[20:15:50] [Server thread/INFO]: Closing Thread Pool
[20:15:50] [Server thread/INFO]: Closing Server
